#-----------------------------------------------------------
# Vivado v2024.2 (64-bit)
# SW Build 5239630 on Fri Nov 08 22:35:27 MST 2024
# IP Build 5239520 on Sun Nov 10 16:12:51 MST 2024
# SharedData Build 5239561 on Fri Nov 08 14:39:27 MST 2024
# Start of session at: Fri Jun 27 19:40:51 2025
# Process ID         : 15760
# Current directory  : F:/projects/RISCV/all codes/matrix_multiplication
# Command line       : vivado.exe -gui_launcher_event rodinguilauncherevent25336 F:\projects\RISCV\all codes\matrix_multiplication\test_mul.xpr
# Log file           : F:/projects/RISCV/all codes/matrix_multiplication/vivado.log
# Journal file       : F:/projects/RISCV/all codes/matrix_multiplication\vivado.jou
# Running On         : Anvesh
# Platform           : Windows Server 2016 or Windows 10
# Operating System   : 26100
# Processor Detail   : AMD Ryzen 9 5900HX with Radeon Graphics        
# CPU Frequency      : 3294 MHz
# CPU Physical cores : 8
# CPU Logical cores  : 16
# Host memory        : 16539 MB
# Swap memory        : 1342 MB
# Total Virtual      : 17881 MB
# Available Virtual  : 5593 MB
#-----------------------------------------------------------
start_gui
open_project {F:/projects/RISCV/all codes/matrix_multiplication/test_mul.xpr}
INFO: [Project 1-313] Project file moved from 'C:/Users/ASUS/test_mul' since last save.
INFO: [filemgmt 56-1] Board Part Repository Path: Directory not found as 'F:/projects/RISCV/all codes/AppData/Roaming/Xilinx/Vivado/2024.2/xhub/board_store/xilinx_board_store'; using path 'C:/Users/ASUS/AppData/Roaming/Xilinx/Vivado/2024.2/xhub/board_store/xilinx_board_store' instead.
Scanning sources...
Finished scanning sources
INFO: [IP_Flow 19-234] Refreshing IP repositories
INFO: [IP_Flow 19-1704] No user IP repositories specified
INFO: [IP_Flow 19-2313] Loaded Vivado IP repository 'C:/Xilinx/Vivado/2024.2/data/ip'.
open_project: Time (s): cpu = 00:00:12 ; elapsed = 00:00:05 . Memory (MB): peak = 1265.262 ; gain = 139.977
update_compile_order -fileset sources_1
exit
INFO: [Common 17-206] Exiting Vivado at Fri Jun 27 19:42:29 2025...
